{"C:\\Users\\MK\\Desktop\\Curso_DIO\\TS-FullStack-Developer\\desafios de projeto\\desafio04-ts-node-developer\\src\\Services\\UserServices.ts": {"path":"C:\\Users\\MK\\Desktop\\Curso_DIO\\TS-FullStack-Developer\\desafios de projeto\\desafio04-ts-node-developer\\src\\Services\\UserServices.ts","all":false,"statementMap":{"0":{"start":{"line":1,"column":0},"end":{"line":1,"column":22}},"1":{"start":{"line":2,"column":0},"end":{"line":2,"column":16}},"2":{"start":{"line":3,"column":0},"end":{"line":3,"column":16}},"3":{"start":{"line":4,"column":0},"end":{"line":4,"column":1}},"4":{"start":{"line":5,"column":0},"end":{"line":5,"column":0}},"5":{"start":{"line":6,"column":0},"end":{"line":6,"column":13}},"6":{"start":{"line":7,"column":0},"end":{"line":7,"column":19}},"7":{"start":{"line":8,"column":0},"end":{"line":8,"column":28}},"8":{"start":{"line":9,"column":0},"end":{"line":9,"column":2}},"9":{"start":{"line":10,"column":0},"end":{"line":10,"column":0}},"10":{"start":{"line":11,"column":0},"end":{"line":11,"column":27}},"11":{"start":{"line":12,"column":0},"end":{"line":12,"column":49}},"12":{"start":{"line":13,"column":0},"end":{"line":13,"column":25}},"13":{"start":{"line":14,"column":0},"end":{"line":14,"column":15}},"14":{"start":{"line":15,"column":0},"end":{"line":15,"column":0}},"15":{"start":{"line":16,"column":0},"end":{"line":16,"column":57}},"16":{"start":{"line":17,"column":0},"end":{"line":17,"column":16}},"17":{"start":{"line":18,"column":0},"end":{"line":18,"column":21}},"18":{"start":{"line":19,"column":0},"end":{"line":19,"column":6}},"19":{"start":{"line":20,"column":0},"end":{"line":20,"column":27}},"20":{"start":{"line":21,"column":0},"end":{"line":21,"column":5}},"21":{"start":{"line":22,"column":0},"end":{"line":22,"column":0}},"22":{"start":{"line":23,"column":0},"end":{"line":23,"column":50}},"23":{"start":{"line":24,"column":0},"end":{"line":24,"column":22}},"24":{"start":{"line":25,"column":0},"end":{"line":25,"column":17}},"25":{"start":{"line":26,"column":0},"end":{"line":26,"column":17}},"26":{"start":{"line":27,"column":0},"end":{"line":27,"column":9}},"27":{"start":{"line":28,"column":0},"end":{"line":28,"column":69}},"28":{"start":{"line":29,"column":0},"end":{"line":29,"column":26}},"29":{"start":{"line":30,"column":0},"end":{"line":30,"column":41}},"30":{"start":{"line":31,"column":0},"end":{"line":31,"column":5}},"31":{"start":{"line":32,"column":0},"end":{"line":32,"column":0}},"32":{"start":{"line":33,"column":0},"end":{"line":33,"column":23}},"33":{"start":{"line":34,"column":0},"end":{"line":34,"column":17}},"34":{"start":{"line":35,"column":0},"end":{"line":35,"column":5}},"35":{"start":{"line":36,"column":0},"end":{"line":36,"column":1}}},"s":{"0":1,"1":1,"2":1,"3":1,"4":1,"5":1,"6":1,"7":1,"8":1,"9":1,"10":1,"11":1,"12":1,"13":1,"14":1,"15":1,"16":1,"17":2,"18":2,"19":2,"20":2,"21":1,"22":1,"23":1,"24":1,"25":1,"26":1,"27":1,"28":1,"29":1,"30":1,"31":1,"32":1,"33":0,"34":0,"35":1},"branchMap":{"0":{"type":"branch","line":17,"loc":{"start":{"line":17,"column":4},"end":{"line":21,"column":5}},"locations":[{"start":{"line":17,"column":4},"end":{"line":21,"column":5}}]},"1":{"type":"branch","line":23,"loc":{"start":{"line":23,"column":17},"end":{"line":31,"column":5}},"locations":[{"start":{"line":23,"column":17},"end":{"line":31,"column":5}}]}},"b":{"0":[2],"1":[1]},"fnMap":{"0":{"name":"UserServerces","decl":{"start":{"line":17,"column":4},"end":{"line":21,"column":5}},"loc":{"start":{"line":17,"column":4},"end":{"line":21,"column":5}},"line":17},"1":{"name":"UserServerces.createUser","decl":{"start":{"line":23,"column":17},"end":{"line":31,"column":5}},"loc":{"start":{"line":23,"column":17},"end":{"line":31,"column":5}},"line":23},"2":{"name":"UserServerces.getAllUser","decl":{"start":{"line":33,"column":17},"end":{"line":35,"column":5}},"loc":{"start":{"line":33,"column":17},"end":{"line":35,"column":5}},"line":33}},"f":{"0":2,"1":1,"2":0}}
,"C:\\Users\\MK\\Desktop\\Curso_DIO\\TS-FullStack-Developer\\desafios de projeto\\desafio04-ts-node-developer\\src\\controllers\\UserControllers.ts": {"path":"C:\\Users\\MK\\Desktop\\Curso_DIO\\TS-FullStack-Developer\\desafios de projeto\\desafio04-ts-node-developer\\src\\controllers\\UserControllers.ts","all":false,"statementMap":{"0":{"start":{"line":1,"column":0},"end":{"line":1,"column":42}},"1":{"start":{"line":2,"column":0},"end":{"line":2,"column":57}},"2":{"start":{"line":3,"column":0},"end":{"line":3,"column":0}},"3":{"start":{"line":4,"column":0},"end":{"line":4,"column":0}},"4":{"start":{"line":5,"column":0},"end":{"line":5,"column":29}},"5":{"start":{"line":6,"column":0},"end":{"line":6,"column":0}},"6":{"start":{"line":7,"column":0},"end":{"line":7,"column":30}},"7":{"start":{"line":8,"column":0},"end":{"line":8,"column":0}},"8":{"start":{"line":9,"column":0},"end":{"line":9,"column":16}},"9":{"start":{"line":10,"column":0},"end":{"line":10,"column":41}},"10":{"start":{"line":11,"column":0},"end":{"line":11,"column":6}},"11":{"start":{"line":12,"column":0},"end":{"line":12,"column":38}},"12":{"start":{"line":13,"column":0},"end":{"line":13,"column":5}},"13":{"start":{"line":14,"column":0},"end":{"line":14,"column":24}},"14":{"start":{"line":15,"column":0},"end":{"line":15,"column":52}},"15":{"start":{"line":16,"column":0},"end":{"line":16,"column":7}},"16":{"start":{"line":17,"column":0},"end":{"line":17,"column":30}},"17":{"start":{"line":18,"column":0},"end":{"line":18,"column":0}},"18":{"start":{"line":19,"column":0},"end":{"line":19,"column":49}},"19":{"start":{"line":20,"column":0},"end":{"line":20,"column":23}},"20":{"start":{"line":21,"column":0},"end":{"line":21,"column":80}},"21":{"start":{"line":22,"column":0},"end":{"line":22,"column":9}},"22":{"start":{"line":23,"column":0},"end":{"line":23,"column":50}},"23":{"start":{"line":24,"column":0},"end":{"line":24,"column":24}},"24":{"start":{"line":25,"column":0},"end":{"line":25,"column":81}},"25":{"start":{"line":26,"column":0},"end":{"line":26,"column":9}},"26":{"start":{"line":27,"column":0},"end":{"line":27,"column":8}},"27":{"start":{"line":28,"column":0},"end":{"line":28,"column":0}},"28":{"start":{"line":29,"column":0},"end":{"line":29,"column":59}},"29":{"start":{"line":30,"column":0},"end":{"line":30,"column":62}},"30":{"start":{"line":31,"column":0},"end":{"line":31,"column":5}},"31":{"start":{"line":32,"column":0},"end":{"line":32,"column":0}},"32":{"start":{"line":33,"column":0},"end":{"line":33,"column":34}},"33":{"start":{"line":34,"column":0},"end":{"line":34,"column":50}},"34":{"start":{"line":35,"column":0},"end":{"line":35,"column":0}},"35":{"start":{"line":36,"column":0},"end":{"line":36,"column":51}},"36":{"start":{"line":37,"column":0},"end":{"line":37,"column":42}},"37":{"start":{"line":38,"column":0},"end":{"line":38,"column":5}},"38":{"start":{"line":39,"column":0},"end":{"line":39,"column":54}},"39":{"start":{"line":40,"column":0},"end":{"line":40,"column":67}},"40":{"start":{"line":41,"column":0},"end":{"line":41,"column":5}},"41":{"start":{"line":42,"column":0},"end":{"line":42,"column":1}}},"s":{"0":1,"1":1,"2":1,"3":1,"4":1,"5":1,"6":1,"7":1,"8":1,"9":5,"10":5,"11":5,"12":5,"13":1,"14":1,"15":3,"16":3,"17":3,"18":3,"19":3,"20":1,"21":1,"22":2,"23":3,"24":1,"25":1,"26":1,"27":1,"28":1,"29":1,"30":1,"31":1,"32":1,"33":1,"34":1,"35":1,"36":1,"37":1,"38":1,"39":1,"40":1,"41":1},"branchMap":{"0":{"type":"branch","line":9,"loc":{"start":{"line":9,"column":4},"end":{"line":13,"column":5}},"locations":[{"start":{"line":9,"column":4},"end":{"line":13,"column":5}}]},"1":{"type":"branch","line":15,"loc":{"start":{"line":15,"column":18},"end":{"line":31,"column":5}},"locations":[{"start":{"line":15,"column":18},"end":{"line":31,"column":5}}]},"2":{"type":"branch","line":20,"loc":{"start":{"line":20,"column":22},"end":{"line":22,"column":9}},"locations":[{"start":{"line":20,"column":22},"end":{"line":22,"column":9}}]},"3":{"type":"branch","line":23,"loc":{"start":{"line":23,"column":-2},"end":{"line":24,"column":23}},"locations":[{"start":{"line":23,"column":-2},"end":{"line":24,"column":23}}]},"4":{"type":"branch","line":24,"loc":{"start":{"line":24,"column":23},"end":{"line":31,"column":5}},"locations":[{"start":{"line":24,"column":23},"end":{"line":31,"column":5}}]},"5":{"type":"branch","line":34,"loc":{"start":{"line":34,"column":17},"end":{"line":38,"column":5}},"locations":[{"start":{"line":34,"column":17},"end":{"line":38,"column":5}}]},"6":{"type":"branch","line":39,"loc":{"start":{"line":39,"column":20},"end":{"line":41,"column":5}},"locations":[{"start":{"line":39,"column":20},"end":{"line":41,"column":5}}]}},"b":{"0":[5],"1":[3],"2":[1],"3":[2],"4":[1],"5":[1],"6":[1]},"fnMap":{"0":{"name":"UserControllers","decl":{"start":{"line":9,"column":4},"end":{"line":13,"column":5}},"loc":{"start":{"line":9,"column":4},"end":{"line":13,"column":5}},"line":9},"1":{"name":"UserControllers.createUser","decl":{"start":{"line":15,"column":18},"end":{"line":31,"column":5}},"loc":{"start":{"line":15,"column":18},"end":{"line":31,"column":5}},"line":15},"2":{"name":"UserControllers.getAllUser","decl":{"start":{"line":34,"column":17},"end":{"line":38,"column":5}},"loc":{"start":{"line":34,"column":17},"end":{"line":38,"column":5}},"line":34},"3":{"name":"UserControllers.deleteAllUser","decl":{"start":{"line":39,"column":20},"end":{"line":41,"column":5}},"loc":{"start":{"line":39,"column":20},"end":{"line":41,"column":5}},"line":39}},"f":{"0":5,"1":3,"2":1,"3":1}}
,"C:\\Users\\MK\\Desktop\\Curso_DIO\\TS-FullStack-Developer\\desafios de projeto\\desafio04-ts-node-developer\\src\\mocks\\moksReqRes.mock.ts": {"path":"C:\\Users\\MK\\Desktop\\Curso_DIO\\TS-FullStack-Developer\\desafios de projeto\\desafio04-ts-node-developer\\src\\mocks\\moksReqRes.mock.ts","all":false,"statementMap":{"0":{"start":{"line":1,"column":0},"end":{"line":1,"column":25}},"1":{"start":{"line":2,"column":0},"end":{"line":2,"column":0}},"2":{"start":{"line":3,"column":0},"end":{"line":3,"column":44}},"3":{"start":{"line":4,"column":0},"end":{"line":4,"column":48}},"4":{"start":{"line":5,"column":0},"end":{"line":5,"column":0}},"5":{"start":{"line":6,"column":0},"end":{"line":6,"column":14}},"6":{"start":{"line":7,"column":0},"end":{"line":7,"column":96}},"7":{"start":{"line":8,"column":0},"end":{"line":8,"column":17}},"8":{"start":{"line":9,"column":0},"end":{"line":9,"column":29}},"9":{"start":{"line":10,"column":0},"end":{"line":10,"column":26}},"10":{"start":{"line":11,"column":0},"end":{"line":11,"column":16}},"11":{"start":{"line":12,"column":0},"end":{"line":12,"column":0}},"12":{"start":{"line":13,"column":0},"end":{"line":13,"column":25}},"13":{"start":{"line":14,"column":0},"end":{"line":14,"column":1}},"14":{"start":{"line":15,"column":0},"end":{"line":15,"column":0}},"15":{"start":{"line":16,"column":0},"end":{"line":16,"column":16}},"16":{"start":{"line":17,"column":0},"end":{"line":17,"column":41}},"17":{"start":{"line":18,"column":0},"end":{"line":18,"column":12}},"18":{"start":{"line":19,"column":0},"end":{"line":19,"column":24}},"19":{"start":{"line":20,"column":0},"end":{"line":20,"column":32}},"20":{"start":{"line":21,"column":0},"end":{"line":21,"column":0}},"21":{"start":{"line":22,"column":0},"end":{"line":22,"column":5}},"22":{"start":{"line":23,"column":0},"end":{"line":23,"column":1}},"23":{"start":{"line":24,"column":0},"end":{"line":24,"column":0}},"24":{"start":{"line":25,"column":0},"end":{"line":25,"column":45}},"25":{"start":{"line":26,"column":0},"end":{"line":26,"column":17}},"26":{"start":{"line":27,"column":0},"end":{"line":27,"column":16}},"27":{"start":{"line":28,"column":0},"end":{"line":28,"column":30}},"28":{"start":{"line":29,"column":0},"end":{"line":29,"column":0}},"29":{"start":{"line":30,"column":0},"end":{"line":30,"column":38}},"30":{"start":{"line":31,"column":0},"end":{"line":31,"column":33}},"31":{"start":{"line":32,"column":0},"end":{"line":32,"column":18}},"32":{"start":{"line":33,"column":0},"end":{"line":33,"column":5}},"33":{"start":{"line":34,"column":0},"end":{"line":34,"column":35}},"34":{"start":{"line":35,"column":0},"end":{"line":35,"column":29}},"35":{"start":{"line":36,"column":0},"end":{"line":36,"column":18}},"36":{"start":{"line":37,"column":0},"end":{"line":37,"column":5}},"37":{"start":{"line":38,"column":0},"end":{"line":38,"column":0}},"38":{"start":{"line":39,"column":0},"end":{"line":39,"column":14}},"39":{"start":{"line":40,"column":0},"end":{"line":40,"column":1}}},"s":{"0":1,"1":1,"2":1,"3":1,"4":1,"5":1,"6":1,"7":0,"8":0,"9":0,"10":0,"11":0,"12":0,"13":0,"14":1,"15":1,"16":1,"17":1,"18":1,"19":1,"20":1,"21":1,"22":1,"23":1,"24":5,"25":5,"26":5,"27":5,"28":5,"29":5,"30":5,"31":5,"32":5,"33":5,"34":5,"35":5,"36":5,"37":5,"38":5,"39":5},"branchMap":{"0":{"type":"branch","line":25,"loc":{"start":{"line":25,"column":0},"end":{"line":40,"column":1}},"locations":[{"start":{"line":25,"column":0},"end":{"line":40,"column":1}}]},"1":{"type":"branch","line":30,"loc":{"start":{"line":30,"column":17},"end":{"line":33,"column":5}},"locations":[{"start":{"line":30,"column":17},"end":{"line":33,"column":5}}]},"2":{"type":"branch","line":34,"loc":{"start":{"line":34,"column":15},"end":{"line":37,"column":5}},"locations":[{"start":{"line":34,"column":15},"end":{"line":37,"column":5}}]}},"b":{"0":[5],"1":[5],"2":[5]},"fnMap":{"0":{"name":"makeMockRequest","decl":{"start":{"line":7,"column":31},"end":{"line":14,"column":1}},"loc":{"start":{"line":7,"column":31},"end":{"line":14,"column":1}},"line":7},"1":{"name":"makeMockResponse","decl":{"start":{"line":25,"column":0},"end":{"line":40,"column":1}},"loc":{"start":{"line":25,"column":0},"end":{"line":40,"column":1}},"line":25},"2":{"name":"res.status","decl":{"start":{"line":30,"column":17},"end":{"line":33,"column":5}},"loc":{"start":{"line":30,"column":17},"end":{"line":33,"column":5}},"line":30},"3":{"name":"res.json","decl":{"start":{"line":34,"column":15},"end":{"line":37,"column":5}},"loc":{"start":{"line":34,"column":15},"end":{"line":37,"column":5}},"line":34}},"f":{"0":0,"1":5,"2":5,"3":5}}
}
