TN:
SF:src\Services\UserServices.ts
FN:17,UserServerces
FN:23,UserServerces.createUser
FN:33,UserServerces.getAllUser
FNF:3
FNH:2
FNDA:2,UserServerces
FNDA:1,UserServerces.createUser
FNDA:0,UserServerces.getAllUser
DA:1,1
DA:2,1
DA:3,1
DA:4,1
DA:5,1
DA:6,1
DA:7,1
DA:8,1
DA:9,1
DA:10,1
DA:11,1
DA:12,1
DA:13,1
DA:14,1
DA:15,1
DA:16,1
DA:17,1
DA:18,2
DA:19,2
DA:20,2
DA:21,2
DA:22,1
DA:23,1
DA:24,1
DA:25,1
DA:26,1
DA:27,1
DA:28,1
DA:29,1
DA:30,1
DA:31,1
DA:32,1
DA:33,1
DA:34,0
DA:35,0
DA:36,1
LF:36
LH:34
BRDA:17,0,0,2
BRDA:23,1,0,1
BRF:2
BRH:2
end_of_record
TN:
SF:src\controllers\UserControllers.ts
FN:9,UserControllers
FN:15,UserControllers.createUser
FN:34,UserControllers.getAllUser
FN:39,UserControllers.deleteAllUser
FNF:4
FNH:4
FNDA:5,UserControllers
FNDA:3,UserControllers.createUser
FNDA:1,UserControllers.getAllUser
FNDA:1,UserControllers.deleteAllUser
DA:1,1
DA:2,1
DA:3,1
DA:4,1
DA:5,1
DA:6,1
DA:7,1
DA:8,1
DA:9,1
DA:10,5
DA:11,5
DA:12,5
DA:13,5
DA:14,1
DA:15,1
DA:16,3
DA:17,3
DA:18,3
DA:19,3
DA:20,3
DA:21,1
DA:22,1
DA:23,2
DA:24,3
DA:25,1
DA:26,1
DA:27,1
DA:28,1
DA:29,1
DA:30,1
DA:31,1
DA:32,1
DA:33,1
DA:34,1
DA:35,1
DA:36,1
DA:37,1
DA:38,1
DA:39,1
DA:40,1
DA:41,1
DA:42,1
LF:42
LH:42
BRDA:9,0,0,5
BRDA:15,1,0,3
BRDA:20,2,0,1
BRDA:23,3,0,2
BRDA:24,4,0,1
BRDA:34,5,0,1
BRDA:39,6,0,1
BRF:7
BRH:7
end_of_record
TN:
SF:src\mocks\moksReqRes.mock.ts
FN:7,makeMockRequest
FN:25,makeMockResponse
FN:30,res.status
FN:34,res.json
FNF:4
FNH:3
FNDA:0,makeMockRequest
FNDA:5,makeMockResponse
FNDA:5,res.status
FNDA:5,res.json
DA:1,1
DA:2,1
DA:3,1
DA:4,1
DA:5,1
DA:6,1
DA:7,1
DA:8,0
DA:9,0
DA:10,0
DA:11,0
DA:12,0
DA:13,0
DA:14,0
DA:15,1
DA:16,1
DA:17,1
DA:18,1
DA:19,1
DA:20,1
DA:21,1
DA:22,1
DA:23,1
DA:24,1
DA:25,5
DA:26,5
DA:27,5
DA:28,5
DA:29,5
DA:30,5
DA:31,5
DA:32,5
DA:33,5
DA:34,5
DA:35,5
DA:36,5
DA:37,5
DA:38,5
DA:39,5
DA:40,5
LF:40
LH:33
BRDA:25,0,0,5
BRDA:30,1,0,5
BRDA:34,2,0,5
BRF:3
BRH:3
end_of_record
